<?xml version="1.0" ?>
<coverage branch-rate="0.7857" branches-covered="11" branches-valid="14" complexity="0" line-rate="0.9524" lines-covered="40" lines-valid="42" timestamp="1580301922314" version="4.5.1">
	<!-- Generated by coverage.py: https://coverage.readthedocs.io -->
	<!-- Based on https://raw.githubusercontent.com/cobertura/web/master/htdocs/xml/coverage-04.dtd -->
	<sources>
		<source>C:\dl\Dropbox\mat-dir\myapps\pypi-projects\google-tr-async-free\google_tr_async</source>
	</sources>
	<packages>
		<package branch-rate="0.7857" complexity="0" line-rate="0.9524" name=".">
			<classes>
				<class branch-rate="1" complexity="0" filename="__init__.py" line-rate="1" name="__init__.py">
					<methods/>
					<lines>
						<line hits="1" number="1"/>
						<line hits="1" number="3"/>
						<line hits="1" number="4"/>
						<line hits="1" number="5"/>
					</lines>
				</class>
				<class branch-rate="0.7857" complexity="0" filename="google_tr_async.py" line-rate="0.9474" name="google_tr_async.py">
					<methods/>
					<lines>
						<line hits="1" number="7"/>
						<line hits="1" number="9"/>
						<line hits="1" number="10"/>
						<line hits="1" number="12"/>
						<line hits="1" number="14"/>
						<line hits="1" number="16"/>
						<line hits="1" number="19"/>
						<line hits="1" number="21"/>
						<line hits="1" number="60"/>
						<line hits="1" number="62"/>
						<line hits="1" number="68"/>
						<line hits="1" number="81"/>
						<line hits="1" number="82"/>
						<line hits="1" number="83"/>
						<line branch="true" condition-coverage="50% (1/2)" hits="1" missing-branches="92" number="89"/>
						<line hits="1" number="90"/>
						<line hits="1" number="92"/>
						<line hits="1" number="94"/>
						<line hits="1" number="96"/>
						<line hits="1" number="97"/>
						<line hits="1" number="128"/>
						<line hits="1" number="129"/>
						<line hits="1" number="136"/>
						<line hits="1" number="139"/>
						<line hits="1" number="140"/>
						<line hits="1" number="157"/>
						<line branch="true" condition-coverage="50% (1/2)" hits="1" missing-branches="160" number="159"/>
						<line hits="0" number="160"/>
						<line hits="1" number="162"/>
						<line hits="1" number="163"/>
						<line hits="1" number="169"/>
						<line branch="true" condition-coverage="100% (2/2)" hits="1" number="170"/>
						<line branch="true" condition-coverage="100% (2/2)" hits="1" number="174"/>
						<line branch="true" condition-coverage="100% (2/2)" hits="1" number="175"/>
						<line branch="true" condition-coverage="100% (2/2)" hits="1" number="177"/>
						<line branch="true" condition-coverage="50% (1/2)" hits="1" missing-branches="180" number="179"/>
						<line hits="0" number="180"/>
						<line hits="1" number="182"/>
					</lines>
				</class>
			</classes>
		</package>
	</packages>
</coverage>
