<?xml version="1.0" ?>
<coverage branch-rate="0" branches-covered="0" branches-valid="0" complexity="0" line-rate="1" lines-covered="38" lines-valid="38" timestamp="1580265971393" version="4.5.1">
	<!-- Generated by coverage.py: https://coverage.readthedocs.io -->
	<!-- Based on https://raw.githubusercontent.com/cobertura/web/master/htdocs/xml/coverage-04.dtd -->
	<sources>
		<source>C:\dl\Dropbox\mat-dir\myapps\pypi-projects\google-tr-async-free\google_tr_async</source>
	</sources>
	<packages>
		<package branch-rate="0" complexity="0" line-rate="1" name=".">
			<classes>
				<class branch-rate="0" complexity="0" filename="__init__.py" line-rate="1" name="__init__.py">
					<methods/>
					<lines>
						<line hits="1" number="1"/>
						<line hits="1" number="3"/>
						<line hits="1" number="4"/>
						<line hits="1" number="5"/>
					</lines>
				</class>
				<class branch-rate="0" complexity="0" filename="google_tr_async.py" line-rate="1" name="google_tr_async.py">
					<methods/>
					<lines>
						<line hits="1" number="7"/>
						<line hits="1" number="8"/>
						<line hits="1" number="10"/>
						<line hits="1" number="12"/>
						<line hits="1" number="14"/>
						<line hits="1" number="17"/>
						<line hits="1" number="19"/>
						<line hits="1" number="58"/>
						<line hits="1" number="60"/>
						<line hits="1" number="63"/>
						<line hits="1" number="76"/>
						<line hits="1" number="77"/>
						<line hits="1" number="78"/>
						<line hits="1" number="84"/>
						<line hits="1" number="85"/>
						<line hits="1" number="87"/>
						<line hits="1" number="89"/>
						<line hits="1" number="91"/>
						<line hits="1" number="92"/>
						<line hits="1" number="112"/>
						<line hits="1" number="113"/>
						<line hits="1" number="120"/>
						<line hits="1" number="123"/>
						<line hits="1" number="124"/>
						<line hits="1" number="141"/>
						<line hits="1" number="143"/>
						<line hits="1" number="144"/>
						<line hits="1" number="148"/>
						<line hits="1" number="150"/>
						<line hits="1" number="151"/>
						<line hits="1" number="155"/>
						<line hits="1" number="157"/>
						<line hits="1" number="158"/>
						<line hits="1" number="160"/>
					</lines>
				</class>
			</classes>
		</package>
	</packages>
</coverage>
